HttpClient-RxJava1-X/build/outputs/logs/manifest-merger-debug-report.txt
-- Merging decision tree log ---
manifest
ADDED from src/main/AndroidManifest.xml:2:1-24:12
INJECTED from src/main/AndroidManifest.xml:2:1-24:12
INJECTED from src/main/AndroidManifest.xml:2:1-24:12
INJECTED from src/main/AndroidManifest.xml:2:1-24:12
INJECTED from src/main/AndroidManifest.xml:2:1-24:12
INJECTED from src/main/AndroidManifest.xml:2:1-24:12
INJECTED from src/main/AndroidManifest.xml:2:1-24:12
	package
		ADDED from src/main/AndroidManifest.xml:3:11-57
		INJECTED from src/main/AndroidManifest.xml
		INJECTED from src/main/AndroidManifest.xml
	android:versionName
		INJECTED from src/main/AndroidManifest.xml
		ADDED from src/main/AndroidManifest.xml:2:1-24:12
		INJECTED from src/main/AndroidManifest.xml
	android:versionCode
		INJECTED from src/main/AndroidManifest.xml
		ADDED from src/main/AndroidManifest.xml:2:1-24:12
		INJECTED from src/main/AndroidManifest.xml
	xmlns:android
		ADDED from src/main/AndroidManifest.xml:2:11-69
uses-permission#android.permission.INTERNET
ADDED from src/main/AndroidManifest.xml:5:5-66
	android:name
		ADDED from src/main/AndroidManifest.xml:5:22-64
uses-permission#android.permission.WRITE_EXTERNAL_STORAGE
ADDED from src/main/AndroidManifest.xml:6:5-80
	android:name
		ADDED from src/main/AndroidManifest.xml:6:22-78
application
ADDED from src/main/AndroidManifest.xml:8:5-22:19
	android:supportsRtl
		ADDED from src/main/AndroidManifest.xml:11:9-35
	android:label
		ADDED from src/main/AndroidManifest.xml:10:9-41
	android:allowBackup
		ADDED from src/main/AndroidManifest.xml:9:9-35
activity#home.smart.fly.httpurlconnectiondemo.RxJavaDemoActivity
ADDED from src/main/AndroidManifest.xml:12:9-55
	android:name
		ADDED from src/main/AndroidManifest.xml:12:19-53
activity#home.smart.fly.httpurlconnectiondemo.HttpDemoActivity
ADDED from src/main/AndroidManifest.xml:13:9-53
	android:name
		ADDED from src/main/AndroidManifest.xml:13:19-51
activity#home.smart.fly.httpurlconnectiondemo.HttpUrlConnectionAcitivity
ADDED from src/main/AndroidManifest.xml:14:9-63
	android:name
		ADDED from src/main/AndroidManifest.xml:14:19-61
activity#home.smart.fly.httpurlconnectiondemo.VolleyDemoActivity
ADDED from src/main/AndroidManifest.xml:15:9-55
	android:name
		ADDED from src/main/AndroidManifest.xml:15:19-53
activity#home.smart.fly.httpurlconnectiondemo.Okhttp3DemoActivity
ADDED from src/main/AndroidManifest.xml:16:9-56
	android:name
		ADDED from src/main/AndroidManifest.xml:16:19-54
activity#home.smart.fly.httpurlconnectiondemo.downloads.Okhttp3DownloadsActivity
ADDED from src/main/AndroidManifest.xml:17:9-71
	android:name
		ADDED from src/main/AndroidManifest.xml:17:19-69
activity#home.smart.fly.httpurlconnectiondemo.downloads.Okhttp3DownloadsThreadActivity
ADDED from src/main/AndroidManifest.xml:18:9-77
	android:name
		ADDED from src/main/AndroidManifest.xml:18:19-75
activity#home.smart.fly.httpurlconnectiondemo.retrofit2.Retrofit2DemoActivity
ADDED from src/main/AndroidManifest.xml:19:9-68
	android:name
		ADDED from src/main/AndroidManifest.xml:19:19-66
activity#home.smart.fly.httpurlconnectiondemo.ListDataActivity
ADDED from src/main/AndroidManifest.xml:20:9-21:20
	android:name
		ADDED from src/main/AndroidManifest.xml:20:19-51
uses-sdk
INJECTED from src/main/AndroidManifest.xml reason: use-sdk injection requested
INJECTED from src/main/AndroidManifest.xml
INJECTED from src/main/AndroidManifest.xml
INJECTED from src/main/AndroidManifest.xml
INJECTED from src/main/AndroidManifest.xml
	android:targetSdkVersion
		INJECTED from src/main/AndroidManifest.xml
		ADDED from src/main/AndroidManifest.xml
		INJECTED from src/main/AndroidManifest.xml
	android:minSdkVersion
		INJECTED from src/main/AndroidManifest.xml
		ADDED from src/main/AndroidManifest.xml
		INJECTED from src/main/AndroidManifest.xml